  Astro.cpp
  Math.cpp
  observer.cpp
  SGP4.cpp
C:\Users\Zuben\source\repos\SSlib\SSlib\Sgpsdp.h(7,8): error C2011: VECTOR: переопределение типа "struct"
C:\Users\Zuben\source\repos\SSlib\SSlib\Sgpsdp.h(11,8): error C2011: SATELLITE: переопределение типа "struct"
C:\Users\Zuben\source\repos\SSlib\SSlib\Sgpsdp.h(42,7): error C2011: CSGP4_SDP4: переопределение типа "class"
C:\Users\Zuben\source\repos\SSlib\SSlib\SGP4.cpp(55,13): error C2027: использование неопределенного типа "CSGP4_SDP4"
C:\Users\Zuben\source\repos\SSlib\SSlib\SGP4.cpp(55,37): error C2027: использование неопределенного типа "CSGP4_SDP4"
C:\Users\Zuben\source\repos\SSlib\SSlib\SGP4.cpp(57,26): error C2027: использование неопределенного типа "CSGP4_SDP4"
C:\Users\Zuben\source\repos\SSlib\SSlib\SGP4.cpp(58,26): error C2027: использование неопределенного типа "CSGP4_SDP4"
C:\Users\Zuben\source\repos\SSlib\SSlib\SGP4.cpp(59,26): error C2027: использование неопределенного типа "CSGP4_SDP4"
C:\Users\Zuben\source\repos\SSlib\SSlib\SGP4.cpp(82,19): error C2027: использование неопределенного типа "CSGP4_SDP4"
C:\Users\Zuben\source\repos\SSlib\SSlib\SGP4.cpp(83,20): error C2027: использование неопределенного типа "CSGP4_SDP4"
C:\Users\Zuben\source\repos\SSlib\SSlib\SGP4.cpp(85,5): error C2027: использование неопределенного типа "CSGP4_SDP4"
C:\Users\Zuben\source\repos\SSlib\SSlib\SGP4.cpp(86,19): error C2664: "CoordDecart SatellitePos(CSGP4_SDP4,CoordGeodetic &,CoordDecart,double)": невозможно преобразовать аргумент 1 из "CSGP4_SDP4" в "CSGP4_SDP4"
C:\Users\Zuben\source\repos\SSlib\SSlib\SGP4.cpp(92,5): error C2027: использование неопределенного типа "CSGP4_SDP4"
C:\Users\Zuben\source\repos\SSlib\SSlib\SGP4.cpp(93,19): error C2664: "CoordDecart SatellitePos(CSGP4_SDP4,CoordGeodetic &,CoordDecart,double)": невозможно преобразовать аргумент 1 из "CSGP4_SDP4" в "CSGP4_SDP4"
C:\Users\Zuben\source\repos\SSlib\SSlib\SGP4.cpp(117,40): error C2027: использование неопределенного типа "CSGP4_SDP4"
C:\Users\Zuben\source\repos\SSlib\SSlib\SGP4.cpp(131,9): warning C4551: в вызове функции отсутствует список аргументов
C:\Users\Zuben\source\repos\SSlib\SSlib\SGP4.cpp(141,40): error C2027: использование неопределенного типа "CSGP4_SDP4"
C:\Users\Zuben\source\repos\SSlib\SSlib\SGP4.cpp(232,8): error C2027: использование неопределенного типа "CSGP4_SDP4"
C:\Users\Zuben\source\repos\SSlib\SSlib\SGP4.cpp(232,33): error C2027: использование неопределенного типа "CSGP4_SDP4"
C:\Users\Zuben\source\repos\SSlib\SSlib\SGP4.cpp(233,30): error C2227: выражение слева от "->now" должно указывать на тип класса, структуры или объединения либо на универсальный тип
C:\Users\Zuben\source\repos\SSlib\SSlib\SGP4.cpp(234,37): error C2227: выражение слева от "->to_time_t" должно указывать на тип класса, структуры или объединения либо на универсальный тип
C:\Users\Zuben\source\repos\SSlib\SSlib\SGP4.cpp(236,8): error C2146: синтаксическая ошибка: отсутствие ";" перед идентификатором "lowerTime"
C:\Users\Zuben\source\repos\SSlib\SSlib\SGP4.cpp(245,22): error C2027: использование неопределенного типа "CSGP4_SDP4"
C:\Users\Zuben\source\repos\SSlib\SSlib\SGP4.cpp(245,48): error C2065: lowerTime: необъявленный идентификатор
C:\Users\Zuben\source\repos\SSlib\SSlib\SGP4.cpp(246,21): error C2027: использование неопределенного типа "CSGP4_SDP4"
C:\Users\Zuben\source\repos\SSlib\SSlib\SGP4.cpp(247,22): error C2027: использование неопределенного типа "CSGP4_SDP4"
C:\Users\Zuben\source\repos\SSlib\SSlib\SGP4.cpp(255,18): error C2027: использование неопределенного типа "CSGP4_SDP4"
C:\Users\Zuben\source\repos\SSlib\SSlib\SGP4.cpp(256,9): error C2027: использование неопределенного типа "CSGP4_SDP4"
C:\Users\Zuben\source\repos\SSlib\SSlib\SGP4.cpp(257,23): error C2664: "CoordDecart SatellitePos(CSGP4_SDP4,CoordGeodetic &,CoordDecart,double)": невозможно преобразовать аргумент 1 из "CSGP4_SDP4" в "CSGP4_SDP4"
C:\Users\Zuben\source\repos\SSlib\SSlib\SGP4.cpp(272,56): warning C4244: +=: преобразование "double" в "int", возможна потеря данных
C:\Users\Zuben\source\repos\SSlib\SSlib\SGP4.cpp(273,24): error C2027: использование неопределенного типа "CSGP4_SDP4"
C:\Users\Zuben\source\repos\SSlib\SSlib\SGP4.cpp(274,5): error C2027: использование неопределенного типа "CSGP4_SDP4"
C:\Users\Zuben\source\repos\SSlib\SSlib\SGP4.cpp(275,19): error C2664: "CoordDecart SatellitePos(CSGP4_SDP4,CoordGeodetic &,CoordDecart,double)": невозможно преобразовать аргумент 1 из "CSGP4_SDP4" в "CSGP4_SDP4"
C:\Users\Zuben\source\repos\SSlib\SSlib\SGP4.cpp(298,19): error C2027: использование неопределенного типа "CSGP4_SDP4"
C:\Users\Zuben\source\repos\SSlib\SSlib\SGP4.cpp(299,20): error C2027: использование неопределенного типа "CSGP4_SDP4"
C:\Users\Zuben\source\repos\SSlib\SSlib\SGP4.cpp(301,5): error C2027: использование неопределенного типа "CSGP4_SDP4"
C:\Users\Zuben\source\repos\SSlib\SSlib\SGP4.cpp(302,19): error C2664: "CoordDecart SatellitePos(CSGP4_SDP4,CoordGeodetic &,CoordDecart,double)": невозможно преобразовать аргумент 1 из "CSGP4_SDP4" в "CSGP4_SDP4"
C:\Users\Zuben\source\repos\SSlib\SSlib\SGP4.cpp(305,5): error C2027: использование неопределенного типа "CSGP4_SDP4"
C:\Users\Zuben\source\repos\SSlib\SSlib\SGP4.cpp(306,19): error C2664: "CoordDecart SatellitePos(CSGP4_SDP4,CoordGeodetic &,CoordDecart,double)": невозможно преобразовать аргумент 1 из "CSGP4_SDP4" в "CSGP4_SDP4"
C:\Users\Zuben\source\repos\SSlib\SSlib\SGP4.cpp(342,32): error C2027: использование неопределенного типа "CSGP4_SDP4"
C:\Users\Zuben\source\repos\SSlib\SSlib\SGP4.cpp(343,42): error C2027: использование неопределенного типа "CSGP4_SDP4"
C:\Users\Zuben\source\repos\SSlib\SSlib\SGP4.cpp(344,16): error C2664: "double TimeIntersect(CSGP4_SDP4,Station,double &,double &)": невозможно преобразовать аргумент 1 из "_Ty" в "CSGP4_SDP4"
C:\Users\Zuben\source\repos\SSlib\SSlib\SGP4.cpp(344,16): error C2664:         with
C:\Users\Zuben\source\repos\SSlib\SSlib\SGP4.cpp(344,16): error C2664:         [
C:\Users\Zuben\source\repos\SSlib\SSlib\SGP4.cpp(344,16): error C2664:             _Ty=CSGP4_SDP4
C:\Users\Zuben\source\repos\SSlib\SSlib\SGP4.cpp(344,16): error C2664:         ]
C:\Users\Zuben\source\repos\SSlib\SSlib\SGP4.cpp(347,25): error C2027: использование неопределенного типа "CSGP4_SDP4"
C:\Users\Zuben\source\repos\SSlib\SSlib\SGP4.cpp(348,25): error C2027: использование неопределенного типа "CSGP4_SDP4"
C:\Users\Zuben\source\repos\SSlib\SSlib\SGP4.cpp(349,41): error C2027: использование неопределенного типа "CSGP4_SDP4"
C:\Users\Zuben\source\repos\SSlib\SSlib\SGP4.cpp(350,41): error C2027: использование неопределенного типа "CSGP4_SDP4"
C:\Users\Zuben\source\repos\SSlib\SSlib\SGP4.cpp(351,41): error C2027: использование неопределенного типа "CSGP4_SDP4"
C:\Users\Zuben\source\repos\SSlib\SSlib\SGP4.cpp(352,42): error C2027: использование неопределенного типа "CSGP4_SDP4"
C:\Users\Zuben\source\repos\SSlib\SSlib\SGP4.cpp(353,42): error C2027: использование неопределенного типа "CSGP4_SDP4"
C:\Users\Zuben\source\repos\SSlib\SSlib\SGP4.cpp(354,36): error C2027: использование неопределенного типа "CSGP4_SDP4"
C:\Users\Zuben\source\repos\SSlib\SSlib\SGP4.cpp(363,33): error C3536: s: не может использоваться до инициализации
C:\Users\Zuben\source\repos\SSlib\SSlib\SGP4.cpp(363,21): error C2665: "std::vector<NORAD_DATA,std::allocator<NORAD_DATA>>::push_back": ни одна перегруженная функция не может преобразовать все типы аргументов
  Sgpsdp.cpp
  Source.cpp
C:\Users\Zuben\source\repos\SSlib\SSlib\Sgpsdp.h(7,8): error C2011: VECTOR: переопределение типа "struct"
C:\Users\Zuben\source\repos\SSlib\SSlib\Sgpsdp.h(11,8): error C2011: SATELLITE: переопределение типа "struct"
C:\Users\Zuben\source\repos\SSlib\SSlib\Sgpsdp.h(42,7): error C2011: CSGP4_SDP4: переопределение типа "class"
  time.cpp
  Utils.cpp
